<?xml version="1.0" encoding="UTF-8"?>
<testsuite xmlns:xsi="http://www.w3.org/2001/XMLSchema-instance" xsi:noNamespaceSchemaLocation="https://maven.apache.org/surefire/maven-surefire-plugin/xsd/surefire-test-report-3.0.xsd" version="3.0" name="com.orbyt.marketplace.AuthIntegrationTest" time="0.004" tests="1" errors="0" skipped="1" failures="0">
  <properties/>
  <testcase name="shouldRegisterAndLoginWithRealJwt" classname="com.orbyt.marketplace.AuthIntegrationTest" time="0.0">
    <skipped message="disabledWithoutDocker is true and Docker is not available"/>
    <system-out><![CDATA[13:44:41.640 [main] INFO org.testcontainers.dockerclient.DockerMachineClientProviderStrategy -- docker-machine executable was not found on PATH ([c:\Users\wallace\AppData\Roaming\Code\User\globalStorage\github.copilot-chat\debugCommand, c:\Users\wallace\AppData\Roaming\Code\User\globalStorage\github.copilot-chat\copilotCli, C:\Users\wallace\AppData\Local\Programs\Microsoft VS Code, C:\Program Files\Microsoft\jdk-21.0.10.7-hotspot\bin, C:\Program Files\Microsoft MPI\Bin\, C:\Program Files\Microsoft\jdk-25.0.2.10-hotspot\bin, C:\WINDOWS\system32, C:\WINDOWS, C:\WINDOWS\System32\Wbem, C:\WINDOWS\System32\WindowsPowerShell\v1.0\, C:\WINDOWS\System32\OpenSSH\, C:\Program Files (x86)\Microsoft SQL Server\170\Tools\Binn\, C:\Program Files\Microsoft SQL Server\170\Tools\Binn\, C:\Program Files\Microsoft SQL Server\Client SDK\ODBC\180\Tools\Binn\, C:\Program Files\Microsoft SQL Server\170\DTS\Binn\, C:\Program Files\Docker\Docker\resources\bin, C:\Program Files\dotnet\, C:\Program Files (x86)\Microsoft SQL Server\170\DTS\Binn\, C:\Program Files\Git\cmd, C:\Program Files\GitHub CLI\, C:\Program Files\nodejs\, C:\Program Files\Microsoft\jdk-21.0.10.7-hotspot\bin, C:\Users\wallace\.local\bin, C:\Users\wallace\AppData\Local\Microsoft\WindowsApps, C:\Users\wallace\AppData\Local\Programs\Microsoft VS Code\bin, C:\Users\wallace\AppData\Local\Programs\cursor\resources\app\bin, C:\Users\wallace\AppData\Local\Programs\Apache\apache-maven-3.9.14\bin, C:\Users\wallace\AppData\Local\Programs\Antigravity\bin, C:\Users\wallace\.dotnet\tools, C:\Users\wallace\AppData\Roaming\npm, c:\Users\wallace\.vscode\extensions\ms-python.debugpy-2025.18.0-win32-x64\bundled\scripts\noConfigScripts])
13:44:41.645 [main] ERROR org.testcontainers.dockerclient.DockerClientProviderStrategy -- Could not find a valid Docker environment. Please check configuration. Attempted configurations were:
	NpipeSocketClientProviderStrategy: failed with exception BadRequestException (Status 400: {"ID":"","Containers":0,"ContainersRunning":0,"ContainersPaused":0,"ContainersStopped":0,"Images":0,"Driver":"","DriverStatus":null,"Plugins":{"Volume":null,"Network":null,"Authorization":null,"Log":null},"MemoryLimit":false,"SwapLimit":false,"CpuCfsPeriod":false,"CpuCfsQuota":false,"CPUShares":false,"CPUSet":false,"PidsLimit":false,"IPv4Forwarding":false,"Debug":false,"NFd":0,"OomKillDisable":false,"NGoroutines":0,"SystemTime":"","LoggingDriver":"","CgroupDriver":"","NEventsListener":0,"KernelVersion":"","OperatingSystem":"","OSVersion":"","OSType":"","Architecture":"","IndexServerAddress":"","RegistryConfig":null,"NCPU":0,"MemTotal":0,"GenericResources":null,"DockerRootDir":"","HttpProxy":"","HttpsProxy":"","NoProxy":"","Name":"","Labels":["com.docker.desktop.address=npipe://\\\\.\\pipe\\docker_cli"],"ExperimentalBuild":false,"ServerVersion":"","Runtimes":null,"DefaultRuntime":"","Swarm":{"NodeID":"","NodeAddr":"","LocalNodeState":"","ControlAvailable":false,"Error":"","RemoteManagers":null},"LiveRestoreEnabled":false,"Isolation":"","InitBinary":"","ContainerdCommit":{"ID":""},"RuncCommit":{"ID":""},"InitCommit":{"ID":""},"SecurityOptions":null,"CDISpecDirs":null,"Warnings":null})As no valid configuration was found, execution cannot continue.
See https://java.testcontainers.org/on_failure.html for more details.
]]></system-out>
  </testcase>
</testsuite>