<?xml version="1.0" encoding="UTF-8"?>
<testsuite xmlns:xsi="http://www.w3.org/2001/XMLSchema-instance" xsi:noNamespaceSchemaLocation="https://maven.apache.org/surefire/maven-surefire-plugin/xsd/surefire-test-report-3.0.xsd" version="3.0" name="com.orbyt.marketplace.cms.application.CmsServiceTest" time="0.184" tests="7" errors="0" skipped="0" failures="0">
  <properties>
[...]
</properties>
  <testcase name="shouldCreatePublishedPageWithTenantDefaults" classname="com.orbyt.marketplace.cms.application.CmsServiceTest" time="0.121"/>
  <testcase name="shouldThrowWhenUpdatingPageOutsideTenantScope" classname="com.orbyt.marketplace.cms.application.CmsServiceTest" time="0.029"/>
  <testcase name="shouldReturnActiveBannersByPositionInsideTenantScope" classname="com.orbyt.marketplace.cms.application.CmsServiceTest" time="0.009"/>
  <testcase name="shouldThrowWhenPageIsNotFoundBySlug" classname="com.orbyt.marketplace.cms.application.CmsServiceTest" time="0.002"/>
  <testcase name="shouldGetPageInsideTenantScope" classname="com.orbyt.marketplace.cms.application.CmsServiceTest" time="0.004"/>
  <testcase name="shouldCreateBannerInsideTenantScope" classname="com.orbyt.marketplace.cms.application.CmsServiceTest" time="0.005"/>
  <testcase name="shouldUpdatePageInsideTenantScope" classname="com.orbyt.marketplace.cms.application.CmsServiceTest" time="0.005"/>
</testsuite>