<?xml version="1.0" encoding="UTF-8"?>
<testsuite xmlns:xsi="http://www.w3.org/2001/XMLSchema-instance" xsi:noNamespaceSchemaLocation="https://maven.apache.org/surefire/maven-surefire-plugin/xsd/surefire-test-report-3.0.xsd" version="3.0" name="com.supportdesk.service.RefreshTokenServiceTest" time="0.103" tests="3" errors="0" skipped="0" failures="0">
  <properties>
[...]
</properties>
  <testcase name="consumeValidToken_shouldFailWhenExpired" classname="com.supportdesk.service.RefreshTokenServiceTest" time="0.088"/>
  <testcase name="issueToken_shouldPersistTokenWithExpiry" classname="com.supportdesk.service.RefreshTokenServiceTest" time="0.006"/>
  <testcase name="consumeValidToken_shouldRevokeToken" classname="com.supportdesk.service.RefreshTokenServiceTest" time="0.004"/>
</testsuite>